<?xml version="1.0" encoding="UTF-8"?>
<testsuite xmlns:xsi="http://www.w3.org/2001/XMLSchema-instance" xsi:noNamespaceSchemaLocation="https://maven.apache.org/surefire/maven-surefire-plugin/xsd/surefire-test-report.xsd" name="com.github.manitscold123.philosophy_bot.AppTest" time="0.094" tests="1" errors="0" skipped="0" failures="0">
  <properties>
    <property name="gopherProxySet" value="false"/>
    <property name="awt.toolkit" value="sun.lwawt.macosx.LWCToolkit"/>
    <property name="java.specification.version" value="11"/>
    <property name="sun.cpu.isalist" value=""/>
    <property name="sun.jnu.encoding" value="UTF-8"/>
    <property name="java.class.path" value="/Users/Unlimited/eclipse-workspace/philosophy_bot/target/test-classes:/Users/Unlimited/eclipse-workspace/philosophy_bot/target/classes:/Users/Unlimited/.m2/repository/junit/junit/4.11/junit-4.11.jar:/Users/Unlimited/.m2/repository/org/hamcrest/hamcrest-core/1.3/hamcrest-core-1.3.jar:/Users/Unlimited/.m2/repository/com/discord4j/discord4j-core/3.0.14/discord4j-core-3.0.14.jar:/Users/Unlimited/.m2/repository/com/discord4j/discord4j-rest/3.0.14/discord4j-rest-3.0.14.jar:/Users/Unlimited/.m2/repository/com/discord4j/discord4j-common/3.0.14/discord4j-common-3.0.14.jar:/Users/Unlimited/.m2/repository/io/projectreactor/netty/reactor-netty/0.8.17.RELEASE/reactor-netty-0.8.17.RELEASE.jar:/Users/Unlimited/.m2/repository/io/netty/netty-codec-http/4.1.48.Final/netty-codec-http-4.1.48.Final.jar:/Users/Unlimited/.m2/repository/io/netty/netty-common/4.1.48.Final/netty-common-4.1.48.Final.jar:/Users/Unlimited/.m2/repository/io/netty/netty-buffer/4.1.48.Final/netty-buffer-4.1.48.Final.jar:/Users/Unlimited/.m2/repository/io/netty/netty-transport/4.1.48.Final/netty-transport-4.1.48.Final.jar:/Users/Unlimited/.m2/repository/io/netty/netty-codec/4.1.48.Final/netty-codec-4.1.48.Final.jar:/Users/Unlimited/.m2/repository/io/netty/netty-codec-http2/4.1.48.Final/netty-codec-http2-4.1.48.Final.jar:/Users/Unlimited/.m2/repository/io/netty/netty-handler/4.1.48.Final/netty-handler-4.1.48.Final.jar:/Users/Unlimited/.m2/repository/io/netty/netty-resolver/4.1.48.Final/netty-resolver-4.1.48.Final.jar:/Users/Unlimited/.m2/repository/io/netty/netty-handler-proxy/4.1.48.Final/netty-handler-proxy-4.1.48.Final.jar:/Users/Unlimited/.m2/repository/io/netty/netty-codec-socks/4.1.48.Final/netty-codec-socks-4.1.48.Final.jar:/Users/Unlimited/.m2/repository/io/netty/netty-transport-native-epoll/4.1.48.Final/netty-transport-native-epoll-4.1.48.Final-linux-x86_64.jar:/Users/Unlimited/.m2/repository/io/netty/netty-transport-native-unix-common/4.1.48.Final/netty-transport-native-unix-common-4.1.48.Final.jar:/Users/Unlimited/.m2/repository/com/fasterxml/jackson/core/jackson-databind/2.10.3/jackson-databind-2.10.3.jar:/Users/Unlimited/.m2/repository/com/fasterxml/jackson/core/jackson-annotations/2.10.3/jackson-annotations-2.10.3.jar:/Users/Unlimited/.m2/repository/com/fasterxml/jackson/core/jackson-core/2.10.3/jackson-core-2.10.3.jar:/Users/Unlimited/.m2/repository/com/fasterxml/jackson/datatype/jackson-datatype-jdk8/2.10.3/jackson-datatype-jdk8-2.10.3.jar:/Users/Unlimited/.m2/repository/io/projectreactor/addons/reactor-extra/3.2.4.RELEASE/reactor-extra-3.2.4.RELEASE.jar:/Users/Unlimited/.m2/repository/io/projectreactor/reactor-core/3.2.16.RELEASE/reactor-core-3.2.16.RELEASE.jar:/Users/Unlimited/.m2/repository/org/reactivestreams/reactive-streams/1.0.2/reactive-streams-1.0.2.jar:/Users/Unlimited/.m2/repository/com/discord4j/discord4j-gateway/3.0.14/discord4j-gateway-3.0.14.jar:/Users/Unlimited/.m2/repository/com/discord4j/discord4j-voice/3.0.14/discord4j-voice-3.0.14.jar:/Users/Unlimited/.m2/repository/com/discord4j/simple-fsm/1.0.1/simple-fsm-1.0.1.jar:/Users/Unlimited/.m2/repository/com/discord4j/stores-jdk/3.0.14/stores-jdk-3.0.14.jar:/Users/Unlimited/.m2/repository/com/discord4j/stores-api/3.0.14/stores-api-3.0.14.jar:/Users/Unlimited/.m2/repository/com/austinv11/servicer/Servicer/1.0.0/Servicer-1.0.0.jar:/Users/Unlimited/.m2/repository/ch/qos/logback/logback-classic/1.2.3/logback-classic-1.2.3.jar:/Users/Unlimited/.m2/repository/ch/qos/logback/logback-core/1.2.3/logback-core-1.2.3.jar:/Users/Unlimited/.m2/repository/org/slf4j/slf4j-api/1.7.25/slf4j-api-1.7.25.jar:"/>
    <property name="java.vm.vendor" value="Oracle Corporation"/>
    <property name="sun.arch.data.model" value="64"/>
    <property name="java.vendor.url" value="http://java.oracle.com/"/>
    <property name="user.timezone" value=""/>
    <property name="java.vm.specification.version" value="11"/>
    <property name="os.name" value="Mac OS X"/>
    <property name="sun.java.launcher" value="SUN_STANDARD"/>
    <property name="user.country" value="US"/>
    <property name="sun.boot.library.path" value="/Library/Java/JavaVirtualMachines/jdk-11.0.1.jdk/Contents/Home/lib"/>
    <property name="sun.java.command" value="/Users/Unlimited/eclipse-workspace/philosophy_bot/target/surefire/surefirebooter13031541404868975528.jar /Users/Unlimited/eclipse-workspace/philosophy_bot/target/surefire 2020-05-11T21-13-42_464-jvmRun1 surefire16524616919909302994tmp surefire_09763353773849770088tmp"/>
    <property name="http.nonProxyHosts" value="local|*.local|169.254/16|*.169.254/16"/>
    <property name="jdk.debug" value="release"/>
    <property name="surefire.test.class.path" value="/Users/Unlimited/eclipse-workspace/philosophy_bot/target/test-classes:/Users/Unlimited/eclipse-workspace/philosophy_bot/target/classes:/Users/Unlimited/.m2/repository/junit/junit/4.11/junit-4.11.jar:/Users/Unlimited/.m2/repository/org/hamcrest/hamcrest-core/1.3/hamcrest-core-1.3.jar:/Users/Unlimited/.m2/repository/com/discord4j/discord4j-core/3.0.14/discord4j-core-3.0.14.jar:/Users/Unlimited/.m2/repository/com/discord4j/discord4j-rest/3.0.14/discord4j-rest-3.0.14.jar:/Users/Unlimited/.m2/repository/com/discord4j/discord4j-common/3.0.14/discord4j-common-3.0.14.jar:/Users/Unlimited/.m2/repository/io/projectreactor/netty/reactor-netty/0.8.17.RELEASE/reactor-netty-0.8.17.RELEASE.jar:/Users/Unlimited/.m2/repository/io/netty/netty-codec-http/4.1.48.Final/netty-codec-http-4.1.48.Final.jar:/Users/Unlimited/.m2/repository/io/netty/netty-common/4.1.48.Final/netty-common-4.1.48.Final.jar:/Users/Unlimited/.m2/repository/io/netty/netty-buffer/4.1.48.Final/netty-buffer-4.1.48.Final.jar:/Users/Unlimited/.m2/repository/io/netty/netty-transport/4.1.48.Final/netty-transport-4.1.48.Final.jar:/Users/Unlimited/.m2/repository/io/netty/netty-codec/4.1.48.Final/netty-codec-4.1.48.Final.jar:/Users/Unlimited/.m2/repository/io/netty/netty-codec-http2/4.1.48.Final/netty-codec-http2-4.1.48.Final.jar:/Users/Unlimited/.m2/repository/io/netty/netty-handler/4.1.48.Final/netty-handler-4.1.48.Final.jar:/Users/Unlimited/.m2/repository/io/netty/netty-resolver/4.1.48.Final/netty-resolver-4.1.48.Final.jar:/Users/Unlimited/.m2/repository/io/netty/netty-handler-proxy/4.1.48.Final/netty-handler-proxy-4.1.48.Final.jar:/Users/Unlimited/.m2/repository/io/netty/netty-codec-socks/4.1.48.Final/netty-codec-socks-4.1.48.Final.jar:/Users/Unlimited/.m2/repository/io/netty/netty-transport-native-epoll/4.1.48.Final/netty-transport-native-epoll-4.1.48.Final-linux-x86_64.jar:/Users/Unlimited/.m2/repository/io/netty/netty-transport-native-unix-common/4.1.48.Final/netty-transport-native-unix-common-4.1.48.Final.jar:/Users/Unlimited/.m2/repository/com/fasterxml/jackson/core/jackson-databind/2.10.3/jackson-databind-2.10.3.jar:/Users/Unlimited/.m2/repository/com/fasterxml/jackson/core/jackson-annotations/2.10.3/jackson-annotations-2.10.3.jar:/Users/Unlimited/.m2/repository/com/fasterxml/jackson/core/jackson-core/2.10.3/jackson-core-2.10.3.jar:/Users/Unlimited/.m2/repository/com/fasterxml/jackson/datatype/jackson-datatype-jdk8/2.10.3/jackson-datatype-jdk8-2.10.3.jar:/Users/Unlimited/.m2/repository/io/projectreactor/addons/reactor-extra/3.2.4.RELEASE/reactor-extra-3.2.4.RELEASE.jar:/Users/Unlimited/.m2/repository/io/projectreactor/reactor-core/3.2.16.RELEASE/reactor-core-3.2.16.RELEASE.jar:/Users/Unlimited/.m2/repository/org/reactivestreams/reactive-streams/1.0.2/reactive-streams-1.0.2.jar:/Users/Unlimited/.m2/repository/com/discord4j/discord4j-gateway/3.0.14/discord4j-gateway-3.0.14.jar:/Users/Unlimited/.m2/repository/com/discord4j/discord4j-voice/3.0.14/discord4j-voice-3.0.14.jar:/Users/Unlimited/.m2/repository/com/discord4j/simple-fsm/1.0.1/simple-fsm-1.0.1.jar:/Users/Unlimited/.m2/repository/com/discord4j/stores-jdk/3.0.14/stores-jdk-3.0.14.jar:/Users/Unlimited/.m2/repository/com/discord4j/stores-api/3.0.14/stores-api-3.0.14.jar:/Users/Unlimited/.m2/repository/com/austinv11/servicer/Servicer/1.0.0/Servicer-1.0.0.jar:/Users/Unlimited/.m2/repository/ch/qos/logback/logback-classic/1.2.3/logback-classic-1.2.3.jar:/Users/Unlimited/.m2/repository/ch/qos/logback/logback-core/1.2.3/logback-core-1.2.3.jar:/Users/Unlimited/.m2/repository/org/slf4j/slf4j-api/1.7.25/slf4j-api-1.7.25.jar:"/>
    <property name="sun.cpu.endian" value="little"/>
    <property name="user.home" value="/Users/Unlimited"/>
    <property name="user.language" value="en"/>
    <property name="java.specification.vendor" value="Oracle Corporation"/>
    <property name="java.version.date" value="2018-10-16"/>
    <property name="java.home" value="/Library/Java/JavaVirtualMachines/jdk-11.0.1.jdk/Contents/Home"/>
    <property name="file.separator" value="/"/>
    <property name="basedir" value="/Users/Unlimited/eclipse-workspace/philosophy_bot"/>
    <property name="java.vm.compressedOopsMode" value="Zero based"/>
    <property name="line.separator" value="&#10;"/>
    <property name="java.specification.name" value="Java Platform API Specification"/>
    <property name="java.vm.specification.vendor" value="Oracle Corporation"/>
    <property name="java.awt.graphicsenv" value="sun.awt.CGraphicsEnvironment"/>
    <property name="surefire.real.class.path" value="/Users/Unlimited/eclipse-workspace/philosophy_bot/target/surefire/surefirebooter13031541404868975528.jar"/>
    <property name="sun.management.compiler" value="HotSpot 64-Bit Tiered Compilers"/>
    <property name="ftp.nonProxyHosts" value="local|*.local|169.254/16|*.169.254/16"/>
    <property name="java.runtime.version" value="11.0.1+13-LTS"/>
    <property name="user.name" value="rimworldaccount"/>
    <property name="path.separator" value=":"/>
    <property name="os.version" value="10.15"/>
    <property name="java.runtime.name" value="Java(TM) SE Runtime Environment"/>
    <property name="file.encoding" value="UTF-8"/>
    <property name="java.vm.name" value="Java HotSpot(TM) 64-Bit Server VM"/>
    <property name="java.vendor.version" value="18.9"/>
    <property name="localRepository" value="/Users/Unlimited/.m2/repository"/>
    <property name="java.vendor.url.bug" value="http://bugreport.java.com/bugreport/"/>
    <property name="java.io.tmpdir" value="/var/folders/rd/sxsd_vbj0z59dgkt5s_2fdmm0000gp/T/"/>
    <property name="java.version" value="11.0.1"/>
    <property name="user.dir" value="/Users/Unlimited/eclipse-workspace/philosophy_bot"/>
    <property name="os.arch" value="x86_64"/>
    <property name="java.vm.specification.name" value="Java Virtual Machine Specification"/>
    <property name="java.awt.printerjob" value="sun.lwawt.macosx.CPrinterJob"/>
    <property name="sun.os.patch.level" value="unknown"/>
    <property name="java.library.path" value="/Users/Unlimited/Library/Java/Extensions:/Library/Java/Extensions:/Network/Library/Java/Extensions:/System/Library/Java/Extensions:/usr/lib/java:."/>
    <property name="java.vendor" value="Oracle Corporation"/>
    <property name="java.vm.info" value="mixed mode"/>
    <property name="java.vm.version" value="11.0.1+13-LTS"/>
    <property name="sun.io.unicode.encoding" value="UnicodeBig"/>
    <property name="java.class.version" value="55.0"/>
    <property name="socksNonProxyHosts" value="local|*.local|169.254/16|*.169.254/16"/>
  </properties>
  <testcase name="shouldAnswerWithTrue" classname="com.github.manitscold123.philosophy_bot.AppTest" time="0.003"/>
</testsuite>